Mon Mar 14 15:54:43.380 [initandlisten] MongoDB starting : pid=6462 port=27017 dbpath=/home/mercury/develop/dummy/mongodb/data 32-bit host=mercury-VirtualBox
Mon Mar 14 15:54:43.380 [initandlisten] 
Mon Mar 14 15:54:43.380 [initandlisten] ** NOTE: This is a 32 bit MongoDB binary.
Mon Mar 14 15:54:43.381 [initandlisten] **       32 bit builds are limited to less than 2GB of data (or less with --journal).
Mon Mar 14 15:54:43.381 [initandlisten] **       Note that journaling defaults to off for 32 bit and is currently off.
Mon Mar 14 15:54:43.381 [initandlisten] **       See http://dochub.mongodb.org/core/32bit
Mon Mar 14 15:54:43.381 [initandlisten] 
Mon Mar 14 15:54:43.381 [initandlisten] db version v2.4.9
Mon Mar 14 15:54:43.381 [initandlisten] git version: nogitversion
Mon Mar 14 15:54:43.381 [initandlisten] build info: Linux comet 3.2.0-58-generic #88-Ubuntu SMP Tue Dec 3 17:37:58 UTC 2013 i686 BOOST_LIB_VERSION=1_54
Mon Mar 14 15:54:43.381 [initandlisten] allocator: tcmalloc
Mon Mar 14 15:54:43.381 [initandlisten] options: { config: "mongodb.conf", dbpath: "/home/mercury/develop/dummy/mongodb/data", fork: "yes", logpath: "/home/mercury/develop/dummy/mongodb/mongodb.log" }
Mon Mar 14 15:54:43.384 [FileAllocator] allocating new datafile /home/mercury/develop/dummy/mongodb/data/local.ns, filling with zeroes...
Mon Mar 14 15:54:43.384 [FileAllocator] creating directory /home/mercury/develop/dummy/mongodb/data/_tmp
Mon Mar 14 15:54:43.387 [FileAllocator] done allocating datafile /home/mercury/develop/dummy/mongodb/data/local.ns, size: 16MB,  took 0.001 secs
Mon Mar 14 15:54:43.407 [FileAllocator] allocating new datafile /home/mercury/develop/dummy/mongodb/data/local.0, filling with zeroes...
Mon Mar 14 15:54:43.408 [FileAllocator] done allocating datafile /home/mercury/develop/dummy/mongodb/data/local.0, size: 16MB,  took 0.001 secs
Mon Mar 14 15:54:43.409 [initandlisten] ERROR: listen(): bind() failed errno:98 Address already in use for socket: 0.0.0.0:27017
Mon Mar 14 15:54:43.409 [initandlisten] ERROR:   addr already in use
Mon Mar 14 15:54:43.409 [initandlisten] now exiting
Mon Mar 14 15:54:43.409 dbexit: 
Mon Mar 14 15:54:43.409 [initandlisten] shutdown: going to close listening sockets...
Mon Mar 14 15:54:43.409 [initandlisten] shutdown: going to flush diaglog...
Mon Mar 14 15:54:43.409 [initandlisten] shutdown: going to close sockets...
Mon Mar 14 15:54:43.409 [initandlisten] shutdown: waiting for fs preallocator...
Mon Mar 14 15:54:43.409 [initandlisten] shutdown: closing all files...
Mon Mar 14 15:54:43.409 [initandlisten] closeAllFiles() finished
Mon Mar 14 15:54:43.409 [initandlisten] shutdown: removing fs lock...
Mon Mar 14 15:54:43.409 dbexit: really exiting now
