6379:C 14 Mar 15:46:17.174 # Can't chdir to '~/develop/dummy/redis/ubuntu/': No such file or directory
6427:M 14 Mar 15:49:02.638 # You requested maxclients of 10000 requiring at least 10032 max file descriptors.
6427:M 14 Mar 15:49:02.639 # Redis can't set maximum open files to 10032 because of OS error: Operation not permitted.
6427:M 14 Mar 15:49:02.639 # Current maximum open files is 4096. maxclients has been reduced to 4064 to compensate for low ulimit. If you need higher maxclients increase 'ulimit -n'.
6427:M 14 Mar 15:49:02.639 # Warning: 32 bit instance detected but no memory limit set. Setting 3 GB maxmemory limit with 'noeviction' policy now.
                _._                                                  
           _.-``__ ''-._                                             
      _.-``    `.  `_.  ''-._           Redis 3.0.7 (00000000/0) 32 bit
  .-`` .-```.  ```\/    _.,_ ''-._                                   
 (    '      ,       .-`  | `,    )     Running in standalone mode
 |`-._`-...-` __...-.``-._|'` _.-'|     Port: 6379
 |    `-._   `._    /     _.-'    |     PID: 6427
  `-._    `-._  `-./  _.-'    _.-'                                   
 |`-._`-._    `-.__.-'    _.-'_.-'|                                  
 |    `-._`-._        _.-'_.-'    |           http://redis.io        
  `-._    `-._`-.__.-'_.-'    _.-'                                   
 |`-._`-._    `-.__.-'    _.-'_.-'|                                  
 |    `-._`-._        _.-'_.-'    |                                  
  `-._    `-._`-.__.-'_.-'    _.-'                                   
      `-._    `-.__.-'    _.-'                                       
          `-._        _.-'                                           
              `-.__.-'                                               

6427:M 14 Mar 15:49:02.666 # WARNING: The TCP backlog setting of 511 cannot be enforced because /proc/sys/net/core/somaxconn is set to the lower value of 128.
6427:M 14 Mar 15:49:02.666 # Server started, Redis version 3.0.7
6427:M 14 Mar 15:49:02.666 # WARNING overcommit_memory is set to 0! Background save may fail under low memory condition. To fix this issue add 'vm.overcommit_memory = 1' to /etc/sysctl.conf and then reboot or run the command 'sysctl vm.overcommit_memory=1' for this to take effect.
6427:M 14 Mar 15:49:02.666 # WARNING you have Transparent Huge Pages (THP) support enabled in your kernel. This will create latency and memory usage issues with Redis. To fix this issue run the command 'echo never > /sys/kernel/mm/transparent_hugepage/enabled' as root, and add it to your /etc/rc.local in order to retain the setting after a reboot. Redis must be restarted after THP is disabled.
6427:M 14 Mar 15:49:02.666 * DB loaded from disk: 0.000 seconds
6427:M 14 Mar 15:49:02.666 * The server is now ready to accept connections on port 6379
6427:M 14 Mar 16:04:03.099 * 1 changes in 900 seconds. Saving...
6427:M 14 Mar 16:04:03.101 * Background saving started by pid 6543
6543:C 14 Mar 16:04:03.106 * DB saved on disk
6543:C 14 Mar 16:04:03.107 * RDB: 4 MB of memory used by copy-on-write
6427:M 14 Mar 16:04:03.201 * Background saving terminated with success
6427:M 14 Mar 16:09:04.411 * 10 changes in 300 seconds. Saving...
6427:M 14 Mar 16:09:04.413 * Background saving started by pid 6628
6628:C 14 Mar 16:09:04.439 * DB saved on disk
6628:C 14 Mar 16:09:04.440 * RDB: 4 MB of memory used by copy-on-write
6427:M 14 Mar 16:09:04.514 * Background saving terminated with success
6427:M 14 Mar 16:14:05.092 * 10 changes in 300 seconds. Saving...
6427:M 14 Mar 16:14:05.094 * Background saving started by pid 6646
6646:C 14 Mar 16:14:05.113 * DB saved on disk
6646:C 14 Mar 16:14:05.113 * RDB: 4 MB of memory used by copy-on-write
6427:M 14 Mar 16:14:05.194 * Background saving terminated with success
6427:M 14 Mar 16:19:06.008 * 10 changes in 300 seconds. Saving...
6427:M 14 Mar 16:19:06.010 * Background saving started by pid 6666
6666:C 14 Mar 16:19:06.016 * DB saved on disk
6666:C 14 Mar 16:19:06.017 * RDB: 4 MB of memory used by copy-on-write
6427:M 14 Mar 16:19:06.111 * Background saving terminated with success
6427:M 14 Mar 16:24:07.028 * 10 changes in 300 seconds. Saving...
6427:M 14 Mar 16:24:07.030 * Background saving started by pid 6701
6701:C 14 Mar 16:24:07.036 * DB saved on disk
6701:C 14 Mar 16:24:07.037 * RDB: 4 MB of memory used by copy-on-write
6427:M 14 Mar 16:24:07.131 * Background saving terminated with success
6427:M 14 Mar 16:29:08.007 * 10 changes in 300 seconds. Saving...
6427:M 14 Mar 16:29:08.007 * Background saving started by pid 6904
6904:C 14 Mar 16:29:08.012 * DB saved on disk
6904:C 14 Mar 16:29:08.013 * RDB: 4 MB of memory used by copy-on-write
6427:M 14 Mar 16:29:08.108 * Background saving terminated with success
6427:M 14 Mar 16:42:00.558 * 10 changes in 300 seconds. Saving...
6427:M 14 Mar 16:42:00.559 * Background saving started by pid 7366
7366:C 14 Mar 16:42:00.565 * DB saved on disk
7366:C 14 Mar 16:42:00.566 * RDB: 4 MB of memory used by copy-on-write
6427:M 14 Mar 16:42:00.660 * Background saving terminated with success
6427:M 14 Mar 16:47:01.049 * 10 changes in 300 seconds. Saving...
6427:M 14 Mar 16:47:01.055 * Background saving started by pid 7638
7638:C 14 Mar 16:47:01.081 * DB saved on disk
7638:C 14 Mar 16:47:01.082 * RDB: 4 MB of memory used by copy-on-write
6427:M 14 Mar 16:47:01.155 * Background saving terminated with success
6427:M 14 Mar 16:52:02.058 * 10 changes in 300 seconds. Saving...
6427:M 14 Mar 16:52:02.060 * Background saving started by pid 7948
7948:C 14 Mar 16:52:02.066 * DB saved on disk
7948:C 14 Mar 16:52:02.067 * RDB: 4 MB of memory used by copy-on-write
6427:M 14 Mar 16:52:02.161 * Background saving terminated with success
6427:M 14 Mar 16:57:03.028 * 10 changes in 300 seconds. Saving...
6427:M 14 Mar 16:57:03.029 * Background saving started by pid 8059
8059:C 14 Mar 16:57:03.033 * DB saved on disk
8059:C 14 Mar 16:57:03.034 * RDB: 4 MB of memory used by copy-on-write
6427:M 14 Mar 16:57:03.129 * Background saving terminated with success
6427:M 14 Mar 17:02:04.077 * 10 changes in 300 seconds. Saving...
6427:M 14 Mar 17:02:04.079 * Background saving started by pid 8589
8589:C 14 Mar 17:02:04.101 * DB saved on disk
8589:C 14 Mar 17:02:04.102 * RDB: 4 MB of memory used by copy-on-write
6427:M 14 Mar 17:02:04.180 * Background saving terminated with success
6427:M 14 Mar 17:07:05.048 * 10 changes in 300 seconds. Saving...
6427:M 14 Mar 17:07:05.050 * Background saving started by pid 8638
8638:C 14 Mar 17:07:05.056 * DB saved on disk
8638:C 14 Mar 17:07:05.057 * RDB: 4 MB of memory used by copy-on-write
6427:M 14 Mar 17:07:05.150 * Background saving terminated with success
6427:M 14 Mar 17:12:06.047 * 10 changes in 300 seconds. Saving...
6427:M 14 Mar 17:12:06.049 * Background saving started by pid 8970
8970:C 14 Mar 17:12:06.056 * DB saved on disk
8970:C 14 Mar 17:12:06.057 * RDB: 4 MB of memory used by copy-on-write
6427:M 14 Mar 17:12:06.150 * Background saving terminated with success
6427:M 14 Mar 17:17:07.060 * 10 changes in 300 seconds. Saving...
6427:M 14 Mar 17:17:07.062 * Background saving started by pid 9045
9045:C 14 Mar 17:17:07.091 * DB saved on disk
9045:C 14 Mar 17:17:07.093 * RDB: 4 MB of memory used by copy-on-write
6427:M 14 Mar 17:17:07.162 * Background saving terminated with success
6427:M 14 Mar 17:22:08.041 * 10 changes in 300 seconds. Saving...
6427:M 14 Mar 17:22:08.043 * Background saving started by pid 9136
9136:C 14 Mar 17:22:08.049 * DB saved on disk
9136:C 14 Mar 17:22:08.050 * RDB: 4 MB of memory used by copy-on-write
6427:M 14 Mar 17:22:08.144 * Background saving terminated with success
6427:M 14 Mar 17:27:09.088 * 10 changes in 300 seconds. Saving...
6427:M 14 Mar 17:27:09.090 * Background saving started by pid 9723
9723:C 14 Mar 17:27:09.108 * DB saved on disk
9723:C 14 Mar 17:27:09.109 * RDB: 4 MB of memory used by copy-on-write
6427:M 14 Mar 17:27:09.191 * Background saving terminated with success
6427:M 14 Mar 17:32:10.060 * 10 changes in 300 seconds. Saving...
6427:M 14 Mar 17:32:10.062 * Background saving started by pid 10076
10076:C 14 Mar 17:32:10.069 * DB saved on disk
10076:C 14 Mar 17:32:10.070 * RDB: 4 MB of memory used by copy-on-write
6427:M 14 Mar 17:32:10.163 * Background saving terminated with success
