Thu Mar 24 15:59:06.894 [initandlisten] MongoDB starting : pid=1978 port=27017 dbpath=/home/pluto/develop/dummy/mongodb/data 32-bit host=pluto-vm
Thu Mar 24 15:59:06.894 [initandlisten] 
Thu Mar 24 15:59:06.894 [initandlisten] ** NOTE: This is a 32 bit MongoDB binary.
Thu Mar 24 15:59:06.894 [initandlisten] **       32 bit builds are limited to less than 2GB of data (or less with --journal).
Thu Mar 24 15:59:06.894 [initandlisten] **       Note that journaling defaults to off for 32 bit and is currently off.
Thu Mar 24 15:59:06.894 [initandlisten] **       See http://dochub.mongodb.org/core/32bit
Thu Mar 24 15:59:06.894 [initandlisten] 
Thu Mar 24 15:59:06.894 [initandlisten] db version v2.4.9
Thu Mar 24 15:59:06.894 [initandlisten] git version: nogitversion
Thu Mar 24 15:59:06.894 [initandlisten] build info: Linux comet 3.2.0-58-generic #88-Ubuntu SMP Tue Dec 3 17:37:58 UTC 2013 i686 BOOST_LIB_VERSION=1_54
Thu Mar 24 15:59:06.894 [initandlisten] allocator: tcmalloc
Thu Mar 24 15:59:06.894 [initandlisten] options: { config: "../mongodb.conf", dbpath: "/home/pluto/develop/dummy/mongodb/data", fork: "yes", logpath: "/home/pluto/develop/dummy/mongodb/log/mongodb.log" }
Thu Mar 24 15:59:06.902 [initandlisten] waiting for connections on port 27017
Thu Mar 24 15:59:06.902 [websvr] admin web console waiting for connections on port 28017
Thu Mar 24 15:59:09.447 [initandlisten] connection accepted from 127.0.0.1:37688 #1 (1 connection now open)
Thu Mar 24 16:01:43.297 [FileAllocator] allocating new datafile /home/pluto/develop/dummy/mongodb/data/bwddz.ns, filling with zeroes...
Thu Mar 24 16:01:43.297 [FileAllocator] creating directory /home/pluto/develop/dummy/mongodb/data/_tmp
Thu Mar 24 16:01:43.303 [FileAllocator] done allocating datafile /home/pluto/develop/dummy/mongodb/data/bwddz.ns, size: 16MB,  took 0.002 secs
Thu Mar 24 16:01:43.303 [FileAllocator] allocating new datafile /home/pluto/develop/dummy/mongodb/data/bwddz.0, filling with zeroes...
Thu Mar 24 16:01:43.352 [FileAllocator] done allocating datafile /home/pluto/develop/dummy/mongodb/data/bwddz.0, size: 16MB,  took 0.048 secs
Thu Mar 24 16:01:43.354 [FileAllocator] allocating new datafile /home/pluto/develop/dummy/mongodb/data/bwddz.1, filling with zeroes...
Thu Mar 24 16:01:43.354 [conn1] build index bwddz.account { _id: 1 }
Thu Mar 24 16:01:43.355 [conn1] build index done.  scanned 0 total records. 0 secs
Thu Mar 24 16:01:43.492 [FileAllocator] done allocating datafile /home/pluto/develop/dummy/mongodb/data/bwddz.1, size: 32MB,  took 0.138 secs
Thu Mar 24 16:02:20.716 [conn1] terminating, shutdown command received
Thu Mar 24 16:02:20.716 dbexit: shutdown called
Thu Mar 24 16:02:20.716 [conn1] shutdown: going to close listening sockets...
Thu Mar 24 16:02:20.716 [conn1] closing listening socket: 7
Thu Mar 24 16:02:20.716 [conn1] closing listening socket: 8
Thu Mar 24 16:02:20.716 [conn1] closing listening socket: 9
Thu Mar 24 16:02:20.716 [conn1] removing socket file: /tmp/mongodb-27017.sock
Thu Mar 24 16:02:20.716 [conn1] shutdown: going to flush diaglog...
Thu Mar 24 16:02:20.716 [conn1] shutdown: going to close sockets...
Thu Mar 24 16:02:20.717 [conn1] shutdown: waiting for fs preallocator...
Thu Mar 24 16:02:20.717 [conn1] shutdown: closing all files...
Thu Mar 24 16:02:20.717 [conn1] closeAllFiles() finished
Thu Mar 24 16:02:20.718 [conn1] shutdown: removing fs lock...
Thu Mar 24 16:02:20.718 dbexit: really exiting now
